#
# There is insufficient memory for the Java Runtime Environment to continue.
# Native memory allocation (mmap) failed to map 199229440 bytes for G1 virtual space
# Possible reasons:
#   The system is out of physical RAM or swap space
#   The process is running with CompressedOops enabled, and the Java Heap may be blocking the growth of the native heap
# Possible solutions:
#   Reduce memory load on the system
#   Increase physical memory or swap space
#   Check if swap backing store is full
#   Decrease Java heap size (-Xmx/-Xms)
#   Decrease number of Java threads
#   Decrease Java thread stack sizes (-Xss)
#   Set larger code cache with -XX:ReservedCodeCacheSize=
#   JVM is running with Zero Based Compressed Oops mode in which the Java heap is
#     placed in the first 32GB address space. The Java Heap base address is the
#     maximum limit for the native heap growth. Please use -XX:HeapBaseMinAddress
#     to set the Java Heap base and to place the Java Heap above 32GB virtual address.
# This output file may be truncated or incomplete.
#
#  Out of Memory Error (os_windows.cpp:3530), pid=16856, tid=6992
#
# JRE version:  (18.0.2+9) (build )
# Java VM: OpenJDK 64-Bit Server VM (18.0.2+9-FR, mixed mode, sharing, tiered, compressed oops, compressed class ptrs, g1 gc, windows-amd64)
# No core dump will be written. Minidumps are not enabled by default on client versions of Windows
#

---------------  S U M M A R Y ------------

Command Line: -javaagent:C:\Program Files\JetBrains\IntelliJ IDEA Community Edition 2022.3.2\lib\idea_rt.jar=5554:C:\Program Files\JetBrains\IntelliJ IDEA Community Edition 2022.3.2\bin -Dfile.encoding=UTF-8 -Dsun.stdout.encoding=UTF-8 -Dsun.stderr.encoding=UTF-8 Project_UCAO.Groupe_N5.Application

Host: Intel(R) Core(TM) i5-10210U CPU @ 1.60GHz, 8 cores, 11G,  Windows 11 , 64 bit Build 22000 (10.0.22000.1516)
Time: Mon Apr  3 10:25:32 2023 Coordinated Universal Time elapsed time: 0.017224 seconds (0d 0h 0m 0s)

---------------  T H R E A D  ---------------

Current thread (0x000001890127d3b0):  JavaThread "Unknown thread" [_thread_in_vm, id=6992, stack(0x000000608b200000,0x000000608b300000)]

Stack: [0x000000608b200000,0x000000608b300000]
Native frames: (J=compiled Java code, j=interpreted, Vv=VM code, C=native code)
V  [jvm.dll+0x685a2a]
V  [jvm.dll+0x82ae8d]
V  [jvm.dll+0x82c75e]
V  [jvm.dll+0x82ce03]
V  [jvm.dll+0x25ef4b]
V  [jvm.dll+0x6828ca]
V  [jvm.dll+0x67745a]
V  [jvm.dll+0x3243f9]
V  [jvm.dll+0x32ba86]
V  [jvm.dll+0x37e00a]
V  [jvm.dll+0x37e24f]
V  [jvm.dll+0x2fb50a]
V  [jvm.dll+0x2fc581]
V  [jvm.dll+0x7fb300]
V  [jvm.dll+0x38af71]
V  [jvm.dll+0x7dab95]
V  [jvm.dll+0x4058f3]
V  [jvm.dll+0x4072b1]
C  [jli.dll+0x519f]
C  [ucrtbase.dll+0x26c0c]
C  [KERNEL32.DLL+0x155a0]
C  [ntdll.dll+0x485b]


---------------  P R O C E S S  ---------------

Threads class SMR info:
_java_thread_list=0x00007ff8200a9610, length=0, elements={
}

Java Threads: ( => current thread )

Other Threads:
  0x00000189012d6e70 WorkerThread "GC Thread#0" [stack: 0x000000608b300000,0x000000608b400000] [id=18312]
  0x00000189012e3c80 ConcurrentGCThread "G1 Main Marker" [stack: 0x000000608b400000,0x000000608b500000] [id=18828]
  0x00000189012e4eb0 WorkerThread "G1 Conc#0" [stack: 0x000000608b500000,0x000000608b600000] [id=19004]

[error occurred during error reporting (printing all threads), id 0xc0000005, EXCEPTION_ACCESS_VIOLATION (0xc0000005) at pc=0x00007ff81f87c5c7]

VM state: not at safepoint (not fully initialized)

VM Mutex/Monitor currently owned by a thread:  ([mutex/lock_event])
[0x000001890127a880] Heap_lock - owner thread: 0x000001890127d3b0

Heap address: 0x0000000742800000, size: 3032 MB, Compressed Oops mode: Zero based, Oop shift amount: 3

CDS archive(s) mapped at: [0x0000000000000000-0x0000000000000000-0x0000000000000000), size 0, SharedBaseAddress: 0x0000000800000000, ArchiveRelocationMode: 0.
Narrow klass base: 0x0000000000000000, Narrow klass shift: 0, Narrow klass range: 0x0

GC Precious Log:
 CardTable entry size: 512
 Card Set container configuration: InlinePtr #cards 4 size 8 Array Of Cards #cards 16 size 48 Howl #buckets 8 coarsen threshold 3686 Howl Bitmap #cards 512 size 80 coarsen threshold 460 Card regions per heap region 1 cards per card region 4096

Heap:
 garbage-first heap   total 0K, used 0K [0x0000000742800000, 0x0000000800000000)
  region size 2048K, 0 young (0K), 0 survivors (0K)

[error occurred during error reporting (printing heap information), id 0xc0000005, EXCEPTION_ACCESS_VIOLATION (0xc0000005) at pc=0x00007ff81fc4d5a9]

GC Heap History (0 events):
No events

Deoptimization events (0 events):
No events

Classes loaded (0 events):
No events

Classes unloaded (0 events):
No events

Classes redefined (0 events):
No events

Internal exceptions (0 events):
No events

VM Operations (0 events):
No events

Events (1 events):
Event: 0.011 Loaded shared library C:\Users\USER\.jdks\corretto-18.0.2\bin\java.dll


Dynamic libraries:
0x00007ff7389a0000 - 0x00007ff7389ad000 	C:\Users\USER\.jdks\corretto-18.0.2\bin\java.exe
0x00007ff89e9e0000 - 0x00007ff89ebe9000 	C:\WINDOWS\SYSTEM32\ntdll.dll
0x00007ff89d460000 - 0x00007ff89d51e000 	C:\WINDOWS\System32\KERNEL32.DLL
0x00007ff89beb0000 - 0x00007ff89c22c000 	C:\WINDOWS\System32\KERNELBASE.dll
0x00007ff89c740000 - 0x00007ff89c851000 	C:\WINDOWS\System32\ucrtbase.dll
0x00007ff873d40000 - 0x00007ff873d55000 	C:\Users\USER\.jdks\corretto-18.0.2\bin\VCRUNTIME140.dll
0x00007ff892960000 - 0x00007ff892977000 	C:\Users\USER\.jdks\corretto-18.0.2\bin\jli.dll
0x00007ff89d1c0000 - 0x00007ff89d36d000 	C:\WINDOWS\System32\USER32.dll
0x00007ff88b810000 - 0x00007ff88bab5000 	C:\WINDOWS\WinSxS\amd64_microsoft.windows.common-controls_6595b64144ccf1df_6.0.22000.120_none_9d947278b86cc467\COMCTL32.dll
0x00007ff89c5f0000 - 0x00007ff89c616000 	C:\WINDOWS\System32\win32u.dll
0x00007ff89d110000 - 0x00007ff89d1b3000 	C:\WINDOWS\System32\msvcrt.dll
0x00007ff89dff0000 - 0x00007ff89e019000 	C:\WINDOWS\System32\GDI32.dll
0x00007ff89c620000 - 0x00007ff89c738000 	C:\WINDOWS\System32\gdi32full.dll
0x00007ff89c3e0000 - 0x00007ff89c47d000 	C:\WINDOWS\System32\msvcp_win.dll
0x00007ff89dd20000 - 0x00007ff89dd51000 	C:\WINDOWS\System32\IMM32.DLL
0x00007ff873b00000 - 0x00007ff873b9b000 	C:\Users\USER\.jdks\corretto-18.0.2\bin\msvcp140.dll
0x00007ff81f570000 - 0x00007ff8201e1000 	C:\Users\USER\.jdks\corretto-18.0.2\bin\server\jvm.dll
0x00007ff89c950000 - 0x00007ff89c9fe000 	C:\WINDOWS\System32\ADVAPI32.dll
0x00007ff89df50000 - 0x00007ff89dfee000 	C:\WINDOWS\System32\sechost.dll
0x00007ff89de20000 - 0x00007ff89df40000 	C:\WINDOWS\System32\RPCRT4.dll
0x00007ff89df40000 - 0x00007ff89df48000 	C:\WINDOWS\System32\PSAPI.DLL
0x00007ff897ff0000 - 0x00007ff897ff9000 	C:\WINDOWS\SYSTEM32\WSOCK32.dll
0x00007ff891ad0000 - 0x00007ff891b03000 	C:\WINDOWS\SYSTEM32\WINMM.dll
0x00007ff897540000 - 0x00007ff89754a000 	C:\WINDOWS\SYSTEM32\VERSION.dll
0x00007ff89cc30000 - 0x00007ff89cc9f000 	C:\WINDOWS\System32\WS2_32.dll
0x00007ff89aef0000 - 0x00007ff89af08000 	C:\WINDOWS\SYSTEM32\kernel.appcore.dll
0x00007ff892950000 - 0x00007ff89295a000 	C:\Users\USER\.jdks\corretto-18.0.2\bin\jimage.dll
0x00007ff899aa0000 - 0x00007ff899cc1000 	C:\WINDOWS\SYSTEM32\DBGHELP.DLL
0x00007ff87f0f0000 - 0x00007ff87f121000 	C:\WINDOWS\SYSTEM32\dbgcore.DLL
0x00007ff89c360000 - 0x00007ff89c3df000 	C:\WINDOWS\System32\bcryptPrimitives.dll
0x00007ff874a60000 - 0x00007ff874a6e000 	C:\Users\USER\.jdks\corretto-18.0.2\bin\instrument.dll
0x00007ff8738e0000 - 0x00007ff873905000 	C:\Users\USER\.jdks\corretto-18.0.2\bin\java.dll

dbghelp: loaded successfully - version: 4.0.5 - missing functions: none
symbol engine: initialized successfully - sym options: 0x614 - pdb path: .;C:\Users\USER\.jdks\corretto-18.0.2\bin;C:\WINDOWS\SYSTEM32;C:\WINDOWS\WinSxS\amd64_microsoft.windows.common-controls_6595b64144ccf1df_6.0.22000.120_none_9d947278b86cc467;C:\Users\USER\.jdks\corretto-18.0.2\bin\server

VM Arguments:
jvm_args: -javaagent:C:\Program Files\JetBrains\IntelliJ IDEA Community Edition 2022.3.2\lib\idea_rt.jar=5554:C:\Program Files\JetBrains\IntelliJ IDEA Community Edition 2022.3.2\bin -Dfile.encoding=UTF-8 -Dsun.stdout.encoding=UTF-8 -Dsun.stderr.encoding=UTF-8 
java_command: Project_UCAO.Groupe_N5.Application
java_class_path (initial): D:\ISTIN L2\DOCUMENTS\L3\INTEGRATION DE SYSTEM D'INFORMATION\TP_ISI_DA_GROUPE_N-5_2023\Groupe_N-5\target\classes;C:\Users\USER\.m2\repository\org\springframework\boot\spring-boot-starter-data-jdbc\3.0.5\spring-boot-starter-data-jdbc-3.0.5.jar;C:\Users\USER\.m2\repository\org\springframework\boot\spring-boot-starter-jdbc\3.0.5\spring-boot-starter-jdbc-3.0.5.jar;C:\Users\USER\.m2\repository\com\zaxxer\HikariCP\5.0.1\HikariCP-5.0.1.jar;C:\Users\USER\.m2\repository\org\springframework\spring-jdbc\6.0.7\spring-jdbc-6.0.7.jar;C:\Users\USER\.m2\repository\org\springframework\data\spring-data-jdbc\3.0.4\spring-data-jdbc-3.0.4.jar;C:\Users\USER\.m2\repository\org\springframework\data\spring-data-relational\3.0.4\spring-data-relational-3.0.4.jar;C:\Users\USER\.m2\repository\org\springframework\data\spring-data-commons\3.0.4\spring-data-commons-3.0.4.jar;C:\Users\USER\.m2\repository\org\springframework\spring-tx\6.0.7\spring-tx-6.0.7.jar;C:\Users\USER\.m2\repository\org\springframework\spring-context\6.0.7\spring-context-6.0.7.jar;C:\Users\USER\.m2\repository\org\springframework\spring-beans\6.0.7\spring-beans-6.0.7.jar;C:\Users\USER\.m2\repository\org\slf4j\slf4j-api\2.0.7\slf4j-api-2.0.7.jar;C:\Users\USER\.m2\repository\org\springframework\boot\spring-boot-starter-data-jpa\3.0.5\spring-boot-starter-data-jpa-3.0.5.jar;C:\Users\USER\.m2\repository\org\springframework\boot\spring-boot-starter-aop\3.0.5\spring-boot-starter-aop-3.0.5.jar;C:\Users\USER\.m2\repository\org\springframework\spring-aop\6.0.7\spring-aop-6.0.7.jar;C:\Users\USER\.m2\repository\org\aspectj\aspectjweaver\1.9.19\aspectjweaver-1.9.19.jar;C:\Users\USER\.m2\repository\org\hibernate\orm\hibernate-core\6.1.7.Final\hibernate-core-6.1.7.Final.jar;C:\Users\USER\.m2\repository\jakarta\persistence\jakarta.persistence-api\3.1.0\jakarta.persistence-api-3.1.0.jar;C:\Users\USER\.m2\repository\jakarta\transaction\jakarta.transaction-api\2.0.1\jakarta.transaction-api-2.0.1.jar;C:\Users\USER\.m2\repository\org\jboss\logging\jboss-logging\3.5.0.Final\jboss-logging-3.5.0.Final.jar;C:\Users\USER\.m2\repository\org\hibernate\common\hibernate-commons-annotations\6.0.6.Final\hibernate-commons-annotations-6.0.6.Final.jar;C:\Users\USER\.m2\repository\org\jboss\jandex\2.4.2.Final\jandex-2.4.2.Final.jar;C:\Users\USER\.m2\repository\com\fasterxml\classmate\1.5.1\classmate-1.5.1.jar;C:\Users\USER\.m2\repository\net\bytebuddy\byte-buddy\1.12.23\byte-buddy-1.12.23.jar;C:\Users\USER\.m2\repository\org\glassfish\jaxb\jaxb-runtime\4.0.2\jaxb-runtime-4.0.2.jar;C:\Users\USER\.m2\repository\org\glassfish\jaxb\jaxb-core\4.0.2\jaxb-core-4.0.2.jar;C:\Users\USER\.m2\repository\org\eclipse\angus\angus-activation\2.0.0\angus-activation-2.0.0.jar;C:\Users\USER\.m2\repository\org\glassfish\jaxb\txw2\4.0.2\txw2-4.0.2.jar;C:\Users\USER\.m2\repository\com\sun\istack\istack-commons-runtime\4.1.1\istack-commons-runtime-4.1.1.jar;C:\Users\USER\.m2\repository\jakarta\inject\jakarta.inject-api\2.0.0\jakarta.inject-api-2.0.0.jar;C:\Users\USER\.m2\repository\org\antlr\antlr4-runtime\4.10.1\antlr4-runtime-4.10.1.jar;C:\Users\USER\.m2\repository\org\springframework\data\spring-data-jpa\3.0.4\spring-data-jpa-3.0.4.jar;C:\Users\USER\.m2\repository\org\springframework\spring-orm\6.0.7\spring-orm-6.0.7.jar;C:\Users\USER\.m2\repository\jakarta\annotation\jakarta.annotation-api\2.1.1\jakarta.annotation-api-2.1.1.jar;C:\Users\USER\.m2\repository\org\springframework\spring-aspects\6.0.7\spring-aspects-6.0.7.jar;C:\Users\USER\.m2\repository\org\springframework\boot\spring-boot-starter-data-rest\3.0.5\spring-boot-starter-data-rest-3.0.5.jar;C:\Users\USER\.m2\repository\org\springframework\data\spring-data-rest-webmvc\4.0.4\spring-data-rest-webmvc-4.0.4.jar;C:\Users\USER\.m2\repository\org\springframework\data\spring-data-rest-core\4.0.4\spring-data-rest-core-4.0.4.jar;C:\Users\USER\.m2\repository\org\springframework\hateoas\spring-hateoas\2.0.3\spring-hateoas-2.0.3.jar;C:\Users\USER\.m2\repository\org\springframework\plugin\spring-plugin-core\3.0.0\spring-plugin-core-3.0.0.jar;C:\Users\USER\.m2\repository\org\atteo\evo-inflector\1.3\evo-inflector-1.3.jar;C:\Users\USER\.m2\repository\com\fasterxml\jackson\core\jackson-databind\2.14.2\jackson-databind-2.14.2.jar;C:\Users\USER\.m2\repository\com\fasterxml\jackson\core\jackson-core\2.14.2\jackson-core-2.14.2.jar;C:\Users\USER\.m2\repository\com\fasterxml\jackson\core\jackson-annotations\2.14.2\jackson-annotations-2.14.2.jar;C:\Users\USER\.m2\repository\org\springframework\boot\spring-boot-starter-web\3.0.5\spring-boot-starter-web-3.0.5.jar;C:\Users\USER\.m2\repository\org\springframework\boot\spring-boot-starter\3.0.5\spring-boot-starter-3.0.5.jar;C:\Users\USER\.m2\repository\org\springframework\boot\spring-boot\3.0.5\spring-boot-3.0.5.jar;C:\Users\USER\.m2\repository\org\springframework\boot\spring-boot-autoconfigure\3.0.5\spring-boot-autoconfigure-3.0.5.jar;C:\Users\USER\.m2\repository\org\springframework\boot\spring-boot-starter-logging\3.0.5\spring-boot-starter-logging-3.0.5.jar;C:\Users\USER\.m2\repository\ch\qos\logback\logback-classic\1.4.6\logback-classic-1.4.6.jar;C:\Users\USER\.m2\repository\ch\qos\logback\logback-core\1.4.6\logback-core-1.4.6.jar;C:\Users\USER\.m2\repository\org\apache\logging\log4j\log4j-to-slf4j\2.19.0\log4j-to-slf4j-2.19.0.jar;C:\Users\USER\.m2\repository\org\apache\logging\log4j\log4j-api\2.19.0\log4j-api-2.19.0.jar;C:\Users\USER\.m2\repository\org\slf4j\jul-to-slf4j\2.0.7\jul-to-slf4j-2.0.7.jar;C:\Users\USER\.m2\repository\org\yaml\snakeyaml\1.33\snakeyaml-1.33.jar;C:\Users\USER\.m2\repository\org\springframework\boot\spring-boot-starter-json\3.0.5\spring-boot-starter-json-3.0.5.jar;C:\Users\USER\.m2\repository\com\fasterxml\jackson\datatype\jackson-datatype-jdk8\2.14.2\jackson-datatype-jdk8-2.14.2.jar;C:\Users\USER\.m2\repository\com\fasterxml\jackson\datatype\jackson-datatype-jsr310\2.14.2\jackson-datatype-jsr310-2.14.2.jar;C:\Users\USER\.m2\repository\com\fasterxml\jackson\module\jackson-module-parameter-names\2.14.2\jackson-module-parameter-names-2.14.2.jar;C:\Users\USER\.m2\repository\org\springframework\boot\spring-boot-starter-tomcat\3.0.5\spring-boot-starter-tomcat-3.0.5.jar;C:\Users\USER\.m2\repository\org\apache\tomcat\embed\tomcat-embed-core\10.1.7\tomcat-embed-core-10.1.7.jar;C:\Users\USER\.m2\repository\org\apache\tomcat\embed\tomcat-embed-el\10.1.7\tomcat-embed-el-10.1.7.jar;C:\Users\USER\.m2\repository\org\apache\tomcat\embed\tomcat-embed-websocket\10.1.7\tomcat-embed-websocket-10.1.7.jar;C:\Users\USER\.m2\repository\org\springframework\spring-web\6.0.7\spring-web-6.0.7.jar;C:\Users\USER\.m2\repository\io\micrometer\micrometer-observation\1.10.5\micrometer-observation-1.10.5.jar;C:\Users\USER\.m2\repository\io\micrometer\micrometer-commons\1.10.5\micrometer-commons-1.10.5.jar;C:\Users\USER\.m2\repository\org\springframework\spring-webmvc\6.0.7\spring-webmvc-6.0.7.jar;C:\Users\USER\.m2\repository\org\springframework\spring-expression\6.0.7\spring-expression-6.0.7.jar;C:\Users\USER\.m2\repository\com\h2database\h2\2.1.214\h2-2.1.214.jar;C:\Users\USER\.m2\repository\org\projectlombok\lombok\1.18.26\lombok-1.18.26.jar;C:\Users\USER\.m2\repository\com\jayway\jsonpath\json-path\2.7.0\json-path-2.7.0.jar;C:\Users\USER\.m2\repository\net\minidev\json-smart\2.4.10\json-smart-2.4.10.jar;C:\Users\USER\.m2\repository\net\minidev\accessors-smart\2.4.9\accessors-smart-2.4.9.jar;C:\Users\USER\.m2\repository\org\ow2\asm\asm\9.3\asm-9.3.jar;C:\Users\USER\.m2\repository\jakarta\xml\bind\jakarta.xml.bind-api\4.0.0\jakarta.xml.bind-api-4.0.0.jar;C:\Users\USER\.m2\repository\jakarta\activation\jakarta.activation-api\2.1.1\jakarta.activation-api-2.1.1.jar;C:\Users\USER\.m2\repository\org\springframework\spring-core\6.0.7\spring-core-6.0.7.jar;C:\Users\USER\.m2\repository\org\springframework\spring-jcl\6.0.7\spring-jcl-6.0.7.jar
Launcher Type: SUN_STANDARD

[Global flags]
     intx CICompilerCount                          = 4                                         {product} {ergonomic}
     uint ConcGCThreads                            = 2                                         {product} {ergonomic}
     uint G1ConcRefinementThreads                  = 8                                         {product} {ergonomic}
   size_t G1HeapRegionSize                         = 2097152                                   {product} {ergonomic}
    uintx GCDrainStackTargetSize                   = 64                                        {product} {ergonomic}
   size_t InitialHeapSize                          = 199229440                                 {product} {ergonomic}
   size_t MarkStackSize                            = 4194304                                   {product} {ergonomic}
   size_t MaxHeapSize                              = 3179282432                                {product} {ergonomic}
   size_t MinHeapDeltaBytes                        = 2097152                                   {product} {ergonomic}
   size_t MinHeapSize                              = 8388608                                   {product} {ergonomic}
    uintx NonNMethodCodeHeapSize                   = 5839372                                {pd product} {ergonomic}
    uintx NonProfiledCodeHeapSize                  = 122909434                              {pd product} {ergonomic}
    uintx ProfiledCodeHeapSize                     = 122909434                              {pd product} {ergonomic}
    uintx ReservedCodeCacheSize                    = 251658240                              {pd product} {ergonomic}
     bool SegmentedCodeCache                       = true                                      {product} {ergonomic}
   size_t SoftMaxHeapSize                          = 3179282432                             {manageable} {ergonomic}
     bool UseCompressedClassPointers               = true                           {product lp64_product} {ergonomic}
     bool UseCompressedOops                        = true                           {product lp64_product} {ergonomic}
     bool UseG1GC                                  = true                                      {product} {ergonomic}
     bool UseLargePagesIndividualAllocation        = false                                  {pd product} {ergonomic}

Logging:
Log output configuration:
 #0: stdout all=warning uptime,level,tags foldmultilines=false
 #1: stderr all=off uptime,level,tags foldmultilines=false

Environment Variables:
PATH=D:\E\bin;C:\Program Files (x86)\VMware\VMware Workstation\bin\;C:\ORACLE\bin;D:\oracle21c\bin;C:\Oracle19cdb_home\bin;C:\Program Files\Eclipse Foundation\jdk-8.0.302.8-hotspot\bin;C:\Program Files (x86)\Common Files\Oracle\Java\javapath;C:\ProgramData\Oracle\Java\javapath;C:\Windows\system32;C:\Windows;C:\Windows\System32\Wbem;C:\Windows\System32\WindowsPowerShell\v1.0\;C:\Windows\System32\OpenSSH\;C:\Program Files\Git\cmd;C:\Program Files\dotnet\;C:\Program Files\Microsoft SQL Server\130\Tools\Binn\;C:\Program Files\Microsoft SQL Server\Client SDK\ODBC\170\Tools\Binn\;C:\WINDOWS\system32;C:\WINDOWS;C:\WINDOWS\System32\Wbem;C:\WINDOWS\System32\WindowsPowerShell\v1.0\;C:\WINDOWS\System32\OpenSSH\;C:\Users\USER\AppData\Local\Programs\Python\Python311\Scripts\;C:\Users\USER\AppData\Local\Programs\Python\Python311\;C:\Users\USER\AppData\Local\Microsoft\WindowsApps;C:\Users\USER\AppData\Local\Programs\Microsoft VS Code\bin;C:\Users\USER\AppData\Local\Programs\MiKTeX 2.9\miktex\bin\x64\;C:\xampp\php;C:\Users\USER\composer;C:\Users\USER\AppData\Roaming\Composer\vendor\bin;C:\Program Files\heroku\bin;C:\Program Files\JetBrains\IntelliJ IDEA 2022.1.2\bin;;C:\Users\USER\.dotnet\tools;C:\Program Files\JetBrains\IntelliJ IDEA Community Edition 2022.3.2\bin;
USERNAME=USER
OS=Windows_NT
PROCESSOR_IDENTIFIER=Intel64 Family 6 Model 142 Stepping 12, GenuineIntel



---------------  S Y S T E M  ---------------

OS:
 Windows 11 , 64 bit Build 22000 (10.0.22000.1516)
OS uptime: 2 days 17:51 hours
Hyper-V role detected

CPU: total 8 (initial active 8) (4 cores per cpu, 2 threads per core) family 6 model 142 stepping 12 microcode 0xf4, cx8, cmov, fxsr, ht, mmx, 3dnowpref, sse, sse2, sse3, ssse3, sse4.1, sse4.2, popcnt, lzcnt, tsc, tscinvbit, avx, avx2, aes, erms, clmul, bmi1, bmi2, adx, fma, vzeroupper, clflush, clflushopt, hv

Memory: 4k page, system-wide physical 12125M (2868M free)
TotalPageFile size 14173M (AvailPageFile size 126M)
current process WorkingSet (physical memory assigned to process): 10M, peak: 10M
current process commit charge ("private bytes"): 60M, peak: 250M

vm_info: OpenJDK 64-Bit Server VM (18.0.2+9-FR) for windows-amd64 JRE (18.0.2+9-FR), built on Jul 15 2022 20:03:03 by "Administrator" with MS VC++ 15.9 (VS2017)

END.
